<?xml version="1.0" encoding="UTF-8"?>
<!-- Generated by org.testng.reporters.JUnitReportReporter -->
<testsuite skipped="0" hostname="LHR16-800213483" name="Calculator" tests="4" failures="0" timestamp="08 Oct 2018 11:08:08 GMT" time="67.342" errors="0">
  <testcase name="add" time="20.420" classname="Calculator"/>
  <testcase name="sub" time="16.790" classname="Calculator"/>
  <testcase name="mult" time="15.110" classname="Calculator"/>
  <testcase name="div" time="15.022" classname="Calculator"/>
</testsuite> <!-- Calculator -->
